#
# There is insufficient memory for the Java Runtime Environment to continue.
# Native memory allocation (malloc) failed to allocate 1637616 bytes for Chunk::new
# Possible reasons:
#   The system is out of physical RAM or swap space
#   The process is running with CompressedOops enabled, and the Java Heap may be blocking the growth of the native heap
# Possible solutions:
#   Reduce memory load on the system
#   Increase physical memory or swap space
#   Check if swap backing store is full
#   Decrease Java heap size (-Xmx/-Xms)
#   Decrease number of Java threads
#   Decrease Java thread stack sizes (-Xss)
#   Set larger code cache with -XX:ReservedCodeCacheSize=
#   JVM is running with Zero Based Compressed Oops mode in which the Java heap is
#     placed in the first 32GB address space. The Java Heap base address is the
#     maximum limit for the native heap growth. Please use -XX:HeapBaseMinAddress
#     to set the Java Heap base and to place the Java Heap above 32GB virtual address.
# This output file may be truncated or incomplete.
#
#  Out of Memory Error (t:/workspace/open/src/hotspot/share/memory/arena.cpp:197), pid=13596, tid=20652
#
# JRE version: OpenJDK Runtime Environment (11.0.1+13) (build 11.0.1+13)
# Java VM: OpenJDK 64-Bit Server VM (11.0.1+13, mixed mode, tiered, compressed oops, g1 gc, windows-amd64)
# No core dump will be written. Minidumps are not enabled by default on client versions of Windows
#

---------------  S U M M A R Y ------------

Command Line: C:\Users\SAURAV~1\AppData\Local\Temp\surefire9184376105373962696\surefirebooter6938382443079927241.jar C:\Users\sauravgupta01\AppData\Local\Temp\surefire9184376105373962696 2022-09-13T18-05-46_894-jvmRun1 surefire12116326171468820475tmp surefire_08877180521929305625tmp

Host: Intel(R) Core(TM) i5-10210U CPU @ 1.60GHz, 8 cores, 15G,  Windows 10 , 64 bit Build 22000 (10.0.22000.708)
Time: Tue Sep 13 18:06:03 2022 India Standard Time elapsed time: 16 seconds (0d 0h 0m 16s)

---------------  T H R E A D  ---------------

Current thread (0x00000291dce06000):  JavaThread "C2 CompilerThread0" daemon [_thread_in_native, id=20652, stack(0x000000fb47b00000,0x000000fb47c00000)]


Current CompileTask:
C2:  16447 4418       4       org.springframework.core.annotation.TypeMappedAnnotations$MergedAnnotationFinder::doWithAnnotations (75 bytes)

Stack: [0x000000fb47b00000,0x000000fb47c00000]
Native frames: (J=compiled Java code, j=interpreted, Vv=VM code, C=native code)
V  [jvm.dll+0x63ad9a]
V  [jvm.dll+0x77851f]
V  [jvm.dll+0x779b08]
V  [jvm.dll+0x77a1c3]
V  [jvm.dll+0x2624c8]
V  [jvm.dll+0xc5b61]
V  [jvm.dll+0xc60fc]
V  [jvm.dll+0x36e5f2]
V  [jvm.dll+0x33b413]
V  [jvm.dll+0x33a7ea]
V  [jvm.dll+0x21c365]
V  [jvm.dll+0x21b50a]
V  [jvm.dll+0x198400]
V  [jvm.dll+0x22a4ff]
V  [jvm.dll+0x228b18]
V  [jvm.dll+0x73dc2d]
V  [jvm.dll+0x639e32]
C  [ucrtbase.dll+0x26c0c]
C  [KERNEL32.DLL+0x154e0]
C  [ntdll.dll+0x485b]


---------------  P R O C E S S  ---------------

Threads class SMR info:
_java_thread_list=0x00000291dd9db1f0, length=21, elements={
0x00000291b8ee6000, 0x00000291dcdda800, 0x00000291dcddc000, 0x00000291dd703000,
0x00000291dce04000, 0x00000291dce06000, 0x00000291dce0a800, 0x00000291dce0d000,
0x00000291dd852000, 0x00000291dd85b800, 0x00000291dd8f9000, 0x00000291dda0e800,
0x00000291dfec1800, 0x00000291e004b000, 0x00000291e043a000, 0x00000291e0510800,
0x00000291df03f800, 0x00000291e31b8800, 0x00000291de5f0000, 0x00000291e2364800,
0x00000291dfb5b000
}

Java Threads: ( => current thread )
  0x00000291b8ee6000 JavaThread "main" [_thread_in_vm, id=21156, stack(0x000000fb47000000,0x000000fb47100000)]
  0x00000291dcdda800 JavaThread "Reference Handler" daemon [_thread_blocked, id=26292, stack(0x000000fb47700000,0x000000fb47800000)]
  0x00000291dcddc000 JavaThread "Finalizer" daemon [_thread_blocked, id=27988, stack(0x000000fb47800000,0x000000fb47900000)]
  0x00000291dd703000 JavaThread "Signal Dispatcher" daemon [_thread_blocked, id=9628, stack(0x000000fb47900000,0x000000fb47a00000)]
  0x00000291dce04000 JavaThread "Attach Listener" daemon [_thread_blocked, id=32696, stack(0x000000fb47a00000,0x000000fb47b00000)]
=>0x00000291dce06000 JavaThread "C2 CompilerThread0" daemon [_thread_in_native, id=20652, stack(0x000000fb47b00000,0x000000fb47c00000)]
  0x00000291dce0a800 JavaThread "C1 CompilerThread0" daemon [_thread_in_native, id=27296, stack(0x000000fb47c00000,0x000000fb47d00000)]
  0x00000291dce0d000 JavaThread "Sweeper thread" daemon [_thread_blocked, id=5776, stack(0x000000fb47d00000,0x000000fb47e00000)]
  0x00000291dd852000 JavaThread "Service Thread" daemon [_thread_blocked, id=12536, stack(0x000000fb47e00000,0x000000fb47f00000)]
  0x00000291dd85b800 JavaThread "Common-Cleaner" daemon [_thread_blocked, id=19308, stack(0x000000fb48000000,0x000000fb48100000)]
  0x00000291dd8f9000 JavaThread "surefire-forkedjvm-command-thread" daemon [_thread_in_native, id=24924, stack(0x000000fb48100000,0x000000fb48200000)]
  0x00000291dda0e800 JavaThread "surefire-forkedjvm-ping-30s" daemon [_thread_in_native, id=1564, stack(0x000000fb48200000,0x000000fb48300000)]
  0x00000291dfec1800 JavaThread "ForkJoinPool.commonPool-worker-3" daemon [_thread_blocked, id=10968, stack(0x000000fb48c00000,0x000000fb48d00000)]
  0x00000291e004b000 JavaThread "ForkJoinPool.commonPool-worker-5" daemon [_thread_blocked, id=26464, stack(0x000000fb48d00000,0x000000fb48e00000)]
  0x00000291e043a000 JavaThread "ForkJoinPool.commonPool-worker-7" daemon [_thread_blocked, id=20620, stack(0x000000fb48e00000,0x000000fb48f00000)]
  0x00000291e0510800 JavaThread "mysql-cj-abandoned-connection-cleanup" daemon [_thread_blocked, id=32944, stack(0x000000fb48900000,0x000000fb48a00000)]
  0x00000291df03f800 JavaThread "HikariPool-1 housekeeper" daemon [_thread_blocked, id=14420, stack(0x000000fb48a00000,0x000000fb48b00000)]
  0x00000291e31b8800 JavaThread "HikariPool-1 connection adder" daemon [_thread_in_native, id=4264, stack(0x000000fb48f00000,0x000000fb49000000)]
  0x00000291de5f0000 JavaThread "C2 CompilerThread1" daemon [_thread_in_native, id=21968, stack(0x000000fb49000000,0x000000fb49100000)]
  0x00000291e2364800 JavaThread "C2 CompilerThread2" daemon [_thread_in_native, id=988, stack(0x000000fb49200000,0x000000fb49300000)]
  0x00000291dfb5b000 JavaThread "commons-pool-evictor" daemon [_thread_blocked, id=19852, stack(0x000000fb49300000,0x000000fb49400000)]

Other Threads:
  0x00000291dce01800 VMThread "VM Thread" [stack: 0x000000fb47600000,0x000000fb47700000] [id=6636]
  0x00000291dd857000 WatcherThread [stack: 0x000000fb47f00000,0x000000fb48000000] [id=11636]
  0x00000291b8efc000 GCTaskThread "GC Thread#0" [stack: 0x000000fb47100000,0x000000fb47200000] [id=33784]
  0x00000291dea20000 GCTaskThread "GC Thread#1" [stack: 0x000000fb48400000,0x000000fb48500000] [id=28460]
  0x00000291de547800 GCTaskThread "GC Thread#2" [stack: 0x000000fb48500000,0x000000fb48600000] [id=5696]
  0x00000291dea75000 GCTaskThread "GC Thread#3" [stack: 0x000000fb48600000,0x000000fb48700000] [id=2012]
  0x00000291ddd2c000 GCTaskThread "GC Thread#4" [stack: 0x000000fb48700000,0x000000fb48800000] [id=15724]
  0x00000291de2da000 GCTaskThread "GC Thread#5" [stack: 0x000000fb48800000,0x000000fb48900000] [id=7712]
  0x00000291dd77a000 GCTaskThread "GC Thread#6" [stack: 0x000000fb49100000,0x000000fb49200000] [id=14996]
  0x00000291b8f5a000 ConcurrentGCThread "G1 Main Marker" [stack: 0x000000fb47200000,0x000000fb47300000] [id=27348]
  0x00000291b8f5c000 ConcurrentGCThread "G1 Conc#0" [stack: 0x000000fb47300000,0x000000fb47400000] [id=18604]
  0x00000291df486800 ConcurrentGCThread "G1 Conc#1" [stack: 0x000000fb48300000,0x000000fb48400000] [id=28056]
  0x00000291dccba800 ConcurrentGCThread "G1 Refine#0" [stack: 0x000000fb47400000,0x000000fb47500000] [id=33316]
  0x00000291dccbd800 ConcurrentGCThread "G1 Young RemSet Sampling" [stack: 0x000000fb47500000,0x000000fb47600000] [id=29096]

Threads with active compile tasks:
C2 CompilerThread04418       4       org.springframework.core.annotation.TypeMappedAnnotations$MergedAnnotationFinder::doWithAnnotations (75 bytes)
C2 CompilerThread14407       4       org.springframework.beans.factory.support.AbstractBeanFactory::isTypeMatch (607 bytes)
C2 CompilerThread24355       4       org.springframework.core.annotation.TypeMappedAnnotations::get (52 bytes)

VM state:not at safepoint (normal execution)

VM Mutex/Monitor currently owned by a thread:  ([mutex/lock_event])
[0x00000291b8ee29b0] SymbolTable_lock - owner thread: 0x0000000000000000

Heap address: 0x0000000703e00000, size: 4034 MB, Compressed Oops mode: Zero based, Oop shift amount: 3
Narrow klass base: 0x0000000800000000, Narrow klass shift: 0
Compressed class space size: 1073741824 Address: 0x0000000800000000

Heap:
 garbage-first heap   total 312320K, used 91486K [0x0000000703e00000, 0x0000000800000000)
  region size 1024K, 81 young (82944K), 13 survivors (13312K)
 Metaspace       used 67418K, capacity 69248K, committed 69328K, reserved 1110016K
  class space    used 8711K, capacity 9469K, committed 9476K, reserved 1048576K
Heap Regions: E=young(eden), S=young(survivor), O=old, HS=humongous(starts), HC=humongous(continues), CS=collection set, F=free, A=archive, TAMS=top-at-mark-start (previous, next)
|   0|0x0000000703e00000, 0x0000000703f00000, 0x0000000703f00000|100%|HS|  |TAMS 0x0000000703f00000, 0x0000000703e00000| Complete 
|   1|0x0000000703f00000, 0x0000000704000000, 0x0000000704000000|100%| O|  |TAMS 0x0000000704000000, 0x0000000703f00000| Untracked 
|   2|0x0000000704000000, 0x0000000704100000, 0x0000000704100000|100%| O|  |TAMS 0x0000000704100000, 0x0000000704000000| Untracked 
|   3|0x0000000704100000, 0x0000000704200000, 0x0000000704200000|100%| O|  |TAMS 0x0000000704200000, 0x0000000704100000| Untracked 
|   4|0x0000000704200000, 0x0000000704300000, 0x0000000704300000|100%| O|  |TAMS 0x0000000704300000, 0x0000000704200000| Untracked 
|   5|0x0000000704300000, 0x0000000704400000, 0x0000000704400000|100%| O|  |TAMS 0x0000000704400000, 0x0000000704300000| Untracked 
|   6|0x0000000704400000, 0x0000000704500000, 0x0000000704500000|100%| O|  |TAMS 0x0000000704500000, 0x0000000704400000| Untracked 
|   7|0x0000000704500000, 0x0000000704600000, 0x0000000704600000|100%| O|  |TAMS 0x0000000704600000, 0x0000000704500000| Untracked 
|   8|0x0000000704600000, 0x0000000704700000, 0x0000000704700000|100%| O|  |TAMS 0x0000000704700000, 0x0000000704600000| Untracked 
|   9|0x0000000704700000, 0x00000007047b9e00, 0x0000000704800000| 72%| O|  |TAMS 0x00000007047b9e00, 0x0000000704700000| Untracked 
|  10|0x0000000704800000, 0x0000000704800000, 0x0000000704900000|  0%| F|  |TAMS 0x0000000704800000, 0x0000000704800000| Untracked 
|  11|0x0000000704900000, 0x0000000704900000, 0x0000000704a00000|  0%| F|  |TAMS 0x0000000704900000, 0x0000000704900000| Untracked 
|  12|0x0000000704a00000, 0x0000000704a00000, 0x0000000704b00000|  0%| F|  |TAMS 0x0000000704a00000, 0x0000000704a00000| Untracked 
|  13|0x0000000704b00000, 0x0000000704b00000, 0x0000000704c00000|  0%| F|  |TAMS 0x0000000704b00000, 0x0000000704b00000| Untracked 
|  14|0x0000000704c00000, 0x0000000704c00000, 0x0000000704d00000|  0%| F|  |TAMS 0x0000000704c00000, 0x0000000704c00000| Untracked 
|  15|0x0000000704d00000, 0x0000000704d00000, 0x0000000704e00000|  0%| F|  |TAMS 0x0000000704d00000, 0x0000000704d00000| Untracked 
|  16|0x0000000704e00000, 0x0000000704e00000, 0x0000000704f00000|  0%| F|  |TAMS 0x0000000704e00000, 0x0000000704e00000| Untracked 
|  17|0x0000000704f00000, 0x0000000704f00000, 0x0000000705000000|  0%| F|  |TAMS 0x0000000704f00000, 0x0000000704f00000| Untracked 
|  18|0x0000000705000000, 0x0000000705000000, 0x0000000705100000|  0%| F|  |TAMS 0x0000000705000000, 0x0000000705000000| Untracked 
|  19|0x0000000705100000, 0x0000000705100000, 0x0000000705200000|  0%| F|  |TAMS 0x0000000705100000, 0x0000000705100000| Untracked 
|  20|0x0000000705200000, 0x0000000705200000, 0x0000000705300000|  0%| F|  |TAMS 0x0000000705200000, 0x0000000705200000| Untracked 
|  21|0x0000000705300000, 0x0000000705300000, 0x0000000705400000|  0%| F|  |TAMS 0x0000000705300000, 0x0000000705300000| Untracked 
|  22|0x0000000705400000, 0x0000000705400000, 0x0000000705500000|  0%| F|  |TAMS 0x0000000705400000, 0x0000000705400000| Untracked 
|  23|0x0000000705500000, 0x0000000705500000, 0x0000000705600000|  0%| F|  |TAMS 0x0000000705500000, 0x0000000705500000| Untracked 
|  24|0x0000000705600000, 0x0000000705600000, 0x0000000705700000|  0%| F|  |TAMS 0x0000000705600000, 0x0000000705600000| Untracked 
|  25|0x0000000705700000, 0x0000000705700000, 0x0000000705800000|  0%| F|  |TAMS 0x0000000705700000, 0x0000000705700000| Untracked 
|  26|0x0000000705800000, 0x0000000705800000, 0x0000000705900000|  0%| F|  |TAMS 0x0000000705800000, 0x0000000705800000| Untracked 
|  27|0x0000000705900000, 0x0000000705900000, 0x0000000705a00000|  0%| F|  |TAMS 0x0000000705900000, 0x0000000705900000| Untracked 
|  28|0x0000000705a00000, 0x0000000705a00000, 0x0000000705b00000|  0%| F|  |TAMS 0x0000000705a00000, 0x0000000705a00000| Untracked 
|  29|0x0000000705b00000, 0x0000000705b00000, 0x0000000705c00000|  0%| F|  |TAMS 0x0000000705b00000, 0x0000000705b00000| Untracked 
|  30|0x0000000705c00000, 0x0000000705c00000, 0x0000000705d00000|  0%| F|  |TAMS 0x0000000705c00000, 0x0000000705c00000| Untracked 
|  31|0x0000000705d00000, 0x0000000705d00000, 0x0000000705e00000|  0%| F|  |TAMS 0x0000000705d00000, 0x0000000705d00000| Untracked 
|  32|0x0000000705e00000, 0x0000000705e00000, 0x0000000705f00000|  0%| F|  |TAMS 0x0000000705e00000, 0x0000000705e00000| Untracked 
|  33|0x0000000705f00000, 0x0000000705f00000, 0x0000000706000000|  0%| F|  |TAMS 0x0000000705f00000, 0x0000000705f00000| Untracked 
|  34|0x0000000706000000, 0x0000000706000000, 0x0000000706100000|  0%| F|  |TAMS 0x0000000706000000, 0x0000000706000000| Untracked 
|  35|0x0000000706100000, 0x0000000706100000, 0x0000000706200000|  0%| F|  |TAMS 0x0000000706100000, 0x0000000706100000| Untracked 
|  36|0x0000000706200000, 0x0000000706200000, 0x0000000706300000|  0%| F|  |TAMS 0x0000000706200000, 0x0000000706200000| Untracked 
|  37|0x0000000706300000, 0x0000000706300000, 0x0000000706400000|  0%| F|  |TAMS 0x0000000706300000, 0x0000000706300000| Untracked 
|  38|0x0000000706400000, 0x0000000706400000, 0x0000000706500000|  0%| F|  |TAMS 0x0000000706400000, 0x0000000706400000| Untracked 
|  39|0x0000000706500000, 0x0000000706500000, 0x0000000706600000|  0%| F|  |TAMS 0x0000000706500000, 0x0000000706500000| Untracked 
|  40|0x0000000706600000, 0x0000000706600000, 0x0000000706700000|  0%| F|  |TAMS 0x0000000706600000, 0x0000000706600000| Untracked 
|  41|0x0000000706700000, 0x0000000706700000, 0x0000000706800000|  0%| F|  |TAMS 0x0000000706700000, 0x0000000706700000| Untracked 
|  42|0x0000000706800000, 0x0000000706800000, 0x0000000706900000|  0%| F|  |TAMS 0x0000000706800000, 0x0000000706800000| Untracked 
|  43|0x0000000706900000, 0x0000000706900000, 0x0000000706a00000|  0%| F|  |TAMS 0x0000000706900000, 0x0000000706900000| Untracked 
|  44|0x0000000706a00000, 0x0000000706a00000, 0x0000000706b00000|  0%| F|  |TAMS 0x0000000706a00000, 0x0000000706a00000| Untracked 
|  45|0x0000000706b00000, 0x0000000706b00000, 0x0000000706c00000|  0%| F|  |TAMS 0x0000000706b00000, 0x0000000706b00000| Untracked 
|  46|0x0000000706c00000, 0x0000000706c00000, 0x0000000706d00000|  0%| F|  |TAMS 0x0000000706c00000, 0x0000000706c00000| Untracked 
|  47|0x0000000706d00000, 0x0000000706d00000, 0x0000000706e00000|  0%| F|  |TAMS 0x0000000706d00000, 0x0000000706d00000| Untracked 
|  48|0x0000000706e00000, 0x0000000706e00000, 0x0000000706f00000|  0%| F|  |TAMS 0x0000000706e00000, 0x0000000706e00000| Untracked 
|  49|0x0000000706f00000, 0x0000000706f00000, 0x0000000707000000|  0%| F|  |TAMS 0x0000000706f00000, 0x0000000706f00000| Untracked 
|  50|0x0000000707000000, 0x0000000707000000, 0x0000000707100000|  0%| F|  |TAMS 0x0000000707000000, 0x0000000707000000| Untracked 
|  51|0x0000000707100000, 0x0000000707100000, 0x0000000707200000|  0%| F|  |TAMS 0x0000000707100000, 0x0000000707100000| Untracked 
|  52|0x0000000707200000, 0x0000000707200000, 0x0000000707300000|  0%| F|  |TAMS 0x0000000707200000, 0x0000000707200000| Untracked 
|  53|0x0000000707300000, 0x0000000707300000, 0x0000000707400000|  0%| F|  |TAMS 0x0000000707300000, 0x0000000707300000| Untracked 
|  54|0x0000000707400000, 0x0000000707400000, 0x0000000707500000|  0%| F|  |TAMS 0x0000000707400000, 0x0000000707400000| Untracked 
|  55|0x0000000707500000, 0x0000000707500000, 0x0000000707600000|  0%| F|  |TAMS 0x0000000707500000, 0x0000000707500000| Untracked 
|  56|0x0000000707600000, 0x0000000707600000, 0x0000000707700000|  0%| F|  |TAMS 0x0000000707600000, 0x0000000707600000| Untracked 
|  57|0x0000000707700000, 0x0000000707700000, 0x0000000707800000|  0%| F|  |TAMS 0x0000000707700000, 0x0000000707700000| Untracked 
|  58|0x0000000707800000, 0x0000000707800000, 0x0000000707900000|  0%| F|  |TAMS 0x0000000707800000, 0x0000000707800000| Untracked 
|  59|0x0000000707900000, 0x0000000707900000, 0x0000000707a00000|  0%| F|  |TAMS 0x0000000707900000, 0x0000000707900000| Untracked 
|  60|0x0000000707a00000, 0x0000000707a00000, 0x0000000707b00000|  0%| F|  |TAMS 0x0000000707a00000, 0x0000000707a00000| Untracked 
|  61|0x0000000707b00000, 0x0000000707b00000, 0x0000000707c00000|  0%| F|  |TAMS 0x0000000707b00000, 0x0000000707b00000| Untracked 
|  62|0x0000000707c00000, 0x0000000707c00000, 0x0000000707d00000|  0%| F|  |TAMS 0x0000000707c00000, 0x0000000707c00000| Untracked 
|  63|0x0000000707d00000, 0x0000000707d00000, 0x0000000707e00000|  0%| F|  |TAMS 0x0000000707d00000, 0x0000000707d00000| Untracked 
|  64|0x0000000707e00000, 0x0000000707e00000, 0x0000000707f00000|  0%| F|  |TAMS 0x0000000707e00000, 0x0000000707e00000| Untracked 
|  65|0x0000000707f00000, 0x0000000707f00000, 0x0000000708000000|  0%| F|  |TAMS 0x0000000707f00000, 0x0000000707f00000| Untracked 
|  66|0x0000000708000000, 0x0000000708000000, 0x0000000708100000|  0%| F|  |TAMS 0x0000000708000000, 0x0000000708000000| Untracked 
|  67|0x0000000708100000, 0x0000000708100000, 0x0000000708200000|  0%| F|  |TAMS 0x0000000708100000, 0x0000000708100000| Untracked 
|  68|0x0000000708200000, 0x0000000708200000, 0x0000000708300000|  0%| F|  |TAMS 0x0000000708200000, 0x0000000708200000| Untracked 
|  69|0x0000000708300000, 0x0000000708300000, 0x0000000708400000|  0%| F|  |TAMS 0x0000000708300000, 0x0000000708300000| Untracked 
|  70|0x0000000708400000, 0x0000000708400000, 0x0000000708500000|  0%| F|  |TAMS 0x0000000708400000, 0x0000000708400000| Untracked 
|  71|0x0000000708500000, 0x0000000708500000, 0x0000000708600000|  0%| F|  |TAMS 0x0000000708500000, 0x0000000708500000| Untracked 
|  72|0x0000000708600000, 0x0000000708600000, 0x0000000708700000|  0%| F|  |TAMS 0x0000000708600000, 0x0000000708600000| Untracked 
|  73|0x0000000708700000, 0x0000000708700000, 0x0000000708800000|  0%| F|  |TAMS 0x0000000708700000, 0x0000000708700000| Untracked 
|  74|0x0000000708800000, 0x0000000708800000, 0x0000000708900000|  0%| F|  |TAMS 0x0000000708800000, 0x0000000708800000| Untracked 
|  75|0x0000000708900000, 0x0000000708900000, 0x0000000708a00000|  0%| F|  |TAMS 0x0000000708900000, 0x0000000708900000| Untracked 
|  76|0x0000000708a00000, 0x0000000708a00000, 0x0000000708b00000|  0%| F|  |TAMS 0x0000000708a00000, 0x0000000708a00000| Untracked 
|  77|0x0000000708b00000, 0x0000000708b00000, 0x0000000708c00000|  0%| F|  |TAMS 0x0000000708b00000, 0x0000000708b00000| Untracked 
|  78|0x0000000708c00000, 0x0000000708c00000, 0x0000000708d00000|  0%| F|  |TAMS 0x0000000708c00000, 0x0000000708c00000| Untracked 
|  79|0x0000000708d00000, 0x0000000708d00000, 0x0000000708e00000|  0%| F|  |TAMS 0x0000000708d00000, 0x0000000708d00000| Untracked 
|  80|0x0000000708e00000, 0x0000000708e00000, 0x0000000708f00000|  0%| F|  |TAMS 0x0000000708e00000, 0x0000000708e00000| Untracked 
|  81|0x0000000708f00000, 0x0000000708f00000, 0x0000000709000000|  0%| F|  |TAMS 0x0000000708f00000, 0x0000000708f00000| Untracked 
|  82|0x0000000709000000, 0x0000000709000000, 0x0000000709100000|  0%| F|  |TAMS 0x0000000709000000, 0x0000000709000000| Untracked 
|  83|0x0000000709100000, 0x0000000709100000, 0x0000000709200000|  0%| F|  |TAMS 0x0000000709100000, 0x0000000709100000| Untracked 
|  84|0x0000000709200000, 0x0000000709200000, 0x0000000709300000|  0%| F|  |TAMS 0x0000000709200000, 0x0000000709200000| Untracked 
|  85|0x0000000709300000, 0x0000000709300000, 0x0000000709400000|  0%| F|  |TAMS 0x0000000709300000, 0x0000000709300000| Untracked 
|  86|0x0000000709400000, 0x0000000709400000, 0x0000000709500000|  0%| F|  |TAMS 0x0000000709400000, 0x0000000709400000| Untracked 
|  87|0x0000000709500000, 0x0000000709500000, 0x0000000709600000|  0%| F|  |TAMS 0x0000000709500000, 0x0000000709500000| Untracked 
|  88|0x0000000709600000, 0x0000000709600000, 0x0000000709700000|  0%| F|  |TAMS 0x0000000709600000, 0x0000000709600000| Untracked 
|  89|0x0000000709700000, 0x0000000709700000, 0x0000000709800000|  0%| F|  |TAMS 0x0000000709700000, 0x0000000709700000| Untracked 
|  90|0x0000000709800000, 0x0000000709800000, 0x0000000709900000|  0%| F|  |TAMS 0x0000000709800000, 0x0000000709800000| Untracked 
|  91|0x0000000709900000, 0x0000000709900000, 0x0000000709a00000|  0%| F|  |TAMS 0x0000000709900000, 0x0000000709900000| Untracked 
|  92|0x0000000709a00000, 0x0000000709a00000, 0x0000000709b00000|  0%| F|  |TAMS 0x0000000709a00000, 0x0000000709a00000| Untracked 
|  93|0x0000000709b00000, 0x0000000709b00000, 0x0000000709c00000|  0%| F|  |TAMS 0x0000000709b00000, 0x0000000709b00000| Untracked 
|  94|0x0000000709c00000, 0x0000000709c00000, 0x0000000709d00000|  0%| F|  |TAMS 0x0000000709c00000, 0x0000000709c00000| Untracked 
|  95|0x0000000709d00000, 0x0000000709d00000, 0x0000000709e00000|  0%| F|  |TAMS 0x0000000709d00000, 0x0000000709d00000| Untracked 
|  96|0x0000000709e00000, 0x0000000709e00000, 0x0000000709f00000|  0%| F|  |TAMS 0x0000000709e00000, 0x0000000709e00000| Untracked 
|  97|0x0000000709f00000, 0x0000000709f00000, 0x000000070a000000|  0%| F|  |TAMS 0x0000000709f00000, 0x0000000709f00000| Untracked 
|  98|0x000000070a000000, 0x000000070a000000, 0x000000070a100000|  0%| F|  |TAMS 0x000000070a000000, 0x000000070a000000| Untracked 
|  99|0x000000070a100000, 0x000000070a100000, 0x000000070a200000|  0%| F|  |TAMS 0x000000070a100000, 0x000000070a100000| Untracked 
| 100|0x000000070a200000, 0x000000070a200000, 0x000000070a300000|  0%| F|  |TAMS 0x000000070a200000, 0x000000070a200000| Untracked 
| 101|0x000000070a300000, 0x000000070a300000, 0x000000070a400000|  0%| F|  |TAMS 0x000000070a300000, 0x000000070a300000| Untracked 
| 102|0x000000070a400000, 0x000000070a400000, 0x000000070a500000|  0%| F|  |TAMS 0x000000070a400000, 0x000000070a400000| Untracked 
| 103|0x000000070a500000, 0x000000070a500000, 0x000000070a600000|  0%| F|  |TAMS 0x000000070a500000, 0x000000070a500000| Untracked 
| 104|0x000000070a600000, 0x000000070a600000, 0x000000070a700000|  0%| F|  |TAMS 0x000000070a600000, 0x000000070a600000| Untracked 
| 105|0x000000070a700000, 0x000000070a700000, 0x000000070a800000|  0%| F|  |TAMS 0x000000070a700000, 0x000000070a700000| Untracked 
| 106|0x000000070a800000, 0x000000070a800000, 0x000000070a900000|  0%| F|  |TAMS 0x000000070a800000, 0x000000070a800000| Untracked 
| 107|0x000000070a900000, 0x000000070a900000, 0x000000070aa00000|  0%| F|  |TAMS 0x000000070a900000, 0x000000070a900000| Untracked 
| 108|0x000000070aa00000, 0x000000070aa00000, 0x000000070ab00000|  0%| F|  |TAMS 0x000000070aa00000, 0x000000070aa00000| Untracked 
| 109|0x000000070ab00000, 0x000000070ab00000, 0x000000070ac00000|  0%| F|  |TAMS 0x000000070ab00000, 0x000000070ab00000| Untracked 
| 110|0x000000070ac00000, 0x000000070ac00000, 0x000000070ad00000|  0%| F|  |TAMS 0x000000070ac00000, 0x000000070ac00000| Untracked 
| 111|0x000000070ad00000, 0x000000070ad00000, 0x000000070ae00000|  0%| F|  |TAMS 0x000000070ad00000, 0x000000070ad00000| Untracked 
| 112|0x000000070ae00000, 0x000000070ae00000, 0x000000070af00000|  0%| F|  |TAMS 0x000000070ae00000, 0x000000070ae00000| Untracked 
| 113|0x000000070af00000, 0x000000070af00000, 0x000000070b000000|  0%| F|  |TAMS 0x000000070af00000, 0x000000070af00000| Untracked 
| 114|0x000000070b000000, 0x000000070b000000, 0x000000070b100000|  0%| F|  |TAMS 0x000000070b000000, 0x000000070b000000| Untracked 
| 115|0x000000070b100000, 0x000000070b100000, 0x000000070b200000|  0%| F|  |TAMS 0x000000070b100000, 0x000000070b100000| Untracked 
| 116|0x000000070b200000, 0x000000070b200000, 0x000000070b300000|  0%| F|  |TAMS 0x000000070b200000, 0x000000070b200000| Untracked 
| 117|0x000000070b300000, 0x000000070b300000, 0x000000070b400000|  0%| F|  |TAMS 0x000000070b300000, 0x000000070b300000| Untracked 
| 118|0x000000070b400000, 0x000000070b400000, 0x000000070b500000|  0%| F|  |TAMS 0x000000070b400000, 0x000000070b400000| Untracked 
| 119|0x000000070b500000, 0x000000070b500000, 0x000000070b600000|  0%| F|  |TAMS 0x000000070b500000, 0x000000070b500000| Untracked 
| 120|0x000000070b600000, 0x000000070b600000, 0x000000070b700000|  0%| F|  |TAMS 0x000000070b600000, 0x000000070b600000| Untracked 
| 121|0x000000070b700000, 0x000000070b700000, 0x000000070b800000|  0%| F|  |TAMS 0x000000070b700000, 0x000000070b700000| Untracked 
| 122|0x000000070b800000, 0x000000070b800000, 0x000000070b900000|  0%| F|  |TAMS 0x000000070b800000, 0x000000070b800000| Untracked 
| 123|0x000000070b900000, 0x000000070b900000, 0x000000070ba00000|  0%| F|  |TAMS 0x000000070b900000, 0x000000070b900000| Untracked 
| 124|0x000000070ba00000, 0x000000070ba00000, 0x000000070bb00000|  0%| F|  |TAMS 0x000000070ba00000, 0x000000070ba00000| Untracked 
| 125|0x000000070bb00000, 0x000000070bb00000, 0x000000070bc00000|  0%| F|  |TAMS 0x000000070bb00000, 0x000000070bb00000| Untracked 
| 126|0x000000070bc00000, 0x000000070bc00000, 0x000000070bd00000|  0%| F|  |TAMS 0x000000070bc00000, 0x000000070bc00000| Untracked 
| 127|0x000000070bd00000, 0x000000070bd00000, 0x000000070be00000|  0%| F|  |TAMS 0x000000070bd00000, 0x000000070bd00000| Untracked 
| 128|0x000000070be00000, 0x000000070be00000, 0x000000070bf00000|  0%| F|  |TAMS 0x000000070be00000, 0x000000070be00000| Untracked 
| 129|0x000000070bf00000, 0x000000070bf00000, 0x000000070c000000|  0%| F|  |TAMS 0x000000070bf00000, 0x000000070bf00000| Untracked 
| 130|0x000000070c000000, 0x000000070c000000, 0x000000070c100000|  0%| F|  |TAMS 0x000000070c000000, 0x000000070c000000| Untracked 
| 131|0x000000070c100000, 0x000000070c100000, 0x000000070c200000|  0%| F|  |TAMS 0x000000070c100000, 0x000000070c100000| Untracked 
| 132|0x000000070c200000, 0x000000070c200000, 0x000000070c300000|  0%| F|  |TAMS 0x000000070c200000, 0x000000070c200000| Untracked 
| 133|0x000000070c300000, 0x000000070c300000, 0x000000070c400000|  0%| F|  |TAMS 0x000000070c300000, 0x000000070c300000| Untracked 
| 134|0x000000070c400000, 0x000000070c400000, 0x000000070c500000|  0%| F|  |TAMS 0x000000070c400000, 0x000000070c400000| Untracked 
| 135|0x000000070c500000, 0x000000070c500000, 0x000000070c600000|  0%| F|  |TAMS 0x000000070c500000, 0x000000070c500000| Untracked 
| 136|0x000000070c600000, 0x000000070c600000, 0x000000070c700000|  0%| F|  |TAMS 0x000000070c600000, 0x000000070c600000| Untracked 
| 137|0x000000070c700000, 0x000000070c700000, 0x000000070c800000|  0%| F|  |TAMS 0x000000070c700000, 0x000000070c700000| Untracked 
| 138|0x000000070c800000, 0x000000070c800000, 0x000000070c900000|  0%| F|  |TAMS 0x000000070c800000, 0x000000070c800000| Untracked 
| 139|0x000000070c900000, 0x000000070c900000, 0x000000070ca00000|  0%| F|  |TAMS 0x000000070c900000, 0x000000070c900000| Untracked 
| 140|0x000000070ca00000, 0x000000070ca00000, 0x000000070cb00000|  0%| F|  |TAMS 0x000000070ca00000, 0x000000070ca00000| Untracked 
| 141|0x000000070cb00000, 0x000000070cb00000, 0x000000070cc00000|  0%| F|  |TAMS 0x000000070cb00000, 0x000000070cb00000| Untracked 
| 142|0x000000070cc00000, 0x000000070cc00000, 0x000000070cd00000|  0%| F|  |TAMS 0x000000070cc00000, 0x000000070cc00000| Untracked 
| 143|0x000000070cd00000, 0x000000070cd00000, 0x000000070ce00000|  0%| F|  |TAMS 0x000000070cd00000, 0x000000070cd00000| Untracked 
| 144|0x000000070ce00000, 0x000000070ce00000, 0x000000070cf00000|  0%| F|  |TAMS 0x000000070ce00000, 0x000000070ce00000| Untracked 
| 145|0x000000070cf00000, 0x000000070cf00000, 0x000000070d000000|  0%| F|  |TAMS 0x000000070cf00000, 0x000000070cf00000| Untracked 
| 146|0x000000070d000000, 0x000000070d000000, 0x000000070d100000|  0%| F|  |TAMS 0x000000070d000000, 0x000000070d000000| Untracked 
| 147|0x000000070d100000, 0x000000070d100000, 0x000000070d200000|  0%| F|  |TAMS 0x000000070d100000, 0x000000070d100000| Untracked 
| 148|0x000000070d200000, 0x000000070d200000, 0x000000070d300000|  0%| F|  |TAMS 0x000000070d200000, 0x000000070d200000| Untracked 
| 149|0x000000070d300000, 0x000000070d300000, 0x000000070d400000|  0%| F|  |TAMS 0x000000070d300000, 0x000000070d300000| Untracked 
| 150|0x000000070d400000, 0x000000070d400000, 0x000000070d500000|  0%| F|  |TAMS 0x000000070d400000, 0x000000070d400000| Untracked 
| 151|0x000000070d500000, 0x000000070d500000, 0x000000070d600000|  0%| F|  |TAMS 0x000000070d500000, 0x000000070d500000| Untracked 
| 152|0x000000070d600000, 0x000000070d600000, 0x000000070d700000|  0%| F|  |TAMS 0x000000070d600000, 0x000000070d600000| Untracked 
| 153|0x000000070d700000, 0x000000070d700000, 0x000000070d800000|  0%| F|  |TAMS 0x000000070d700000, 0x000000070d700000| Untracked 
| 154|0x000000070d800000, 0x000000070d800000, 0x000000070d900000|  0%| F|  |TAMS 0x000000070d800000, 0x000000070d800000| Untracked 
| 155|0x000000070d900000, 0x000000070d900000, 0x000000070da00000|  0%| F|  |TAMS 0x000000070d900000, 0x000000070d900000| Untracked 
| 156|0x000000070da00000, 0x000000070da00000, 0x000000070db00000|  0%| F|  |TAMS 0x000000070da00000, 0x000000070da00000| Untracked 
| 157|0x000000070db00000, 0x000000070db00000, 0x000000070dc00000|  0%| F|  |TAMS 0x000000070db00000, 0x000000070db00000| Untracked 
| 158|0x000000070dc00000, 0x000000070dc00000, 0x000000070dd00000|  0%| F|  |TAMS 0x000000070dc00000, 0x000000070dc00000| Untracked 
| 159|0x000000070dd00000, 0x000000070dd00000, 0x000000070de00000|  0%| F|  |TAMS 0x000000070dd00000, 0x000000070dd00000| Untracked 
| 160|0x000000070de00000, 0x000000070de00000, 0x000000070df00000|  0%| F|  |TAMS 0x000000070de00000, 0x000000070de00000| Untracked 
| 161|0x000000070df00000, 0x000000070df00000, 0x000000070e000000|  0%| F|  |TAMS 0x000000070df00000, 0x000000070df00000| Untracked 
| 162|0x000000070e000000, 0x000000070e000000, 0x000000070e100000|  0%| F|  |TAMS 0x000000070e000000, 0x000000070e000000| Untracked 
| 163|0x000000070e100000, 0x000000070e100000, 0x000000070e200000|  0%| F|  |TAMS 0x000000070e100000, 0x000000070e100000| Untracked 
| 164|0x000000070e200000, 0x000000070e200000, 0x000000070e300000|  0%| F|  |TAMS 0x000000070e200000, 0x000000070e200000| Untracked 
| 165|0x000000070e300000, 0x000000070e300000, 0x000000070e400000|  0%| F|  |TAMS 0x000000070e300000, 0x000000070e300000| Untracked 
| 166|0x000000070e400000, 0x000000070e400000, 0x000000070e500000|  0%| F|  |TAMS 0x000000070e400000, 0x000000070e400000| Untracked 
| 167|0x000000070e500000, 0x000000070e500000, 0x000000070e600000|  0%| F|  |TAMS 0x000000070e500000, 0x000000070e500000| Untracked 
| 168|0x000000070e600000, 0x000000070e600000, 0x000000070e700000|  0%| F|  |TAMS 0x000000070e600000, 0x000000070e600000| Untracked 
| 169|0x000000070e700000, 0x000000070e700000, 0x000000070e800000|  0%| F|  |TAMS 0x000000070e700000, 0x000000070e700000| Untracked 
| 170|0x000000070e800000, 0x000000070e800000, 0x000000070e900000|  0%| F|  |TAMS 0x000000070e800000, 0x000000070e800000| Untracked 
| 171|0x000000070e900000, 0x000000070e900000, 0x000000070ea00000|  0%| F|  |TAMS 0x000000070e900000, 0x000000070e900000| Untracked 
| 172|0x000000070ea00000, 0x000000070ea00000, 0x000000070eb00000|  0%| F|  |TAMS 0x000000070ea00000, 0x000000070ea00000| Untracked 
| 173|0x000000070eb00000, 0x000000070eb00000, 0x000000070ec00000|  0%| F|  |TAMS 0x000000070eb00000, 0x000000070eb00000| Untracked 
| 174|0x000000070ec00000, 0x000000070ec00000, 0x000000070ed00000|  0%| F|  |TAMS 0x000000070ec00000, 0x000000070ec00000| Untracked 
| 175|0x000000070ed00000, 0x000000070ed00000, 0x000000070ee00000|  0%| F|  |TAMS 0x000000070ed00000, 0x000000070ed00000| Untracked 
| 176|0x000000070ee00000, 0x000000070ee00000, 0x000000070ef00000|  0%| F|  |TAMS 0x000000070ee00000, 0x000000070ee00000| Untracked 
| 177|0x000000070ef00000, 0x000000070ef00000, 0x000000070f000000|  0%| F|  |TAMS 0x000000070ef00000, 0x000000070ef00000| Untracked 
| 178|0x000000070f000000, 0x000000070f000000, 0x000000070f100000|  0%| F|  |TAMS 0x000000070f000000, 0x000000070f000000| Untracked 
| 179|0x000000070f100000, 0x000000070f100000, 0x000000070f200000|  0%| F|  |TAMS 0x000000070f100000, 0x000000070f100000| Untracked 
| 180|0x000000070f200000, 0x000000070f200000, 0x000000070f300000|  0%| F|  |TAMS 0x000000070f200000, 0x000000070f200000| Untracked 
| 181|0x000000070f300000, 0x000000070f300000, 0x000000070f400000|  0%| F|  |TAMS 0x000000070f300000, 0x000000070f300000| Untracked 
| 182|0x000000070f400000, 0x000000070f400000, 0x000000070f500000|  0%| F|  |TAMS 0x000000070f400000, 0x000000070f400000| Untracked 
| 183|0x000000070f500000, 0x000000070f500000, 0x000000070f600000|  0%| F|  |TAMS 0x000000070f500000, 0x000000070f500000| Untracked 
| 184|0x000000070f600000, 0x000000070f600000, 0x000000070f700000|  0%| F|  |TAMS 0x000000070f600000, 0x000000070f600000| Untracked 
| 185|0x000000070f700000, 0x000000070f700000, 0x000000070f800000|  0%| F|  |TAMS 0x000000070f700000, 0x000000070f700000| Untracked 
| 186|0x000000070f800000, 0x000000070f800000, 0x000000070f900000|  0%| F|  |TAMS 0x000000070f800000, 0x000000070f800000| Untracked 
| 187|0x000000070f900000, 0x000000070f900000, 0x000000070fa00000|  0%| F|  |TAMS 0x000000070f900000, 0x000000070f900000| Untracked 
| 188|0x000000070fa00000, 0x000000070fa00000, 0x000000070fb00000|  0%| F|  |TAMS 0x000000070fa00000, 0x000000070fa00000| Untracked 
| 189|0x000000070fb00000, 0x000000070fb00000, 0x000000070fc00000|  0%| F|  |TAMS 0x000000070fb00000, 0x000000070fb00000| Untracked 
| 190|0x000000070fc00000, 0x000000070fc00000, 0x000000070fd00000|  0%| F|  |TAMS 0x000000070fc00000, 0x000000070fc00000| Untracked 
| 191|0x000000070fd00000, 0x000000070fd00000, 0x000000070fe00000|  0%| F|  |TAMS 0x000000070fd00000, 0x000000070fd00000| Untracked 
| 192|0x000000070fe00000, 0x000000070fe00000, 0x000000070ff00000|  0%| F|  |TAMS 0x000000070fe00000, 0x000000070fe00000| Untracked 
| 193|0x000000070ff00000, 0x000000070ff00000, 0x0000000710000000|  0%| F|  |TAMS 0x000000070ff00000, 0x000000070ff00000| Untracked 
| 194|0x0000000710000000, 0x0000000710000000, 0x0000000710100000|  0%| F|  |TAMS 0x0000000710000000, 0x0000000710000000| Untracked 
| 195|0x0000000710100000, 0x0000000710100000, 0x0000000710200000|  0%| F|  |TAMS 0x0000000710100000, 0x0000000710100000| Untracked 
| 196|0x0000000710200000, 0x0000000710200000, 0x0000000710300000|  0%| F|  |TAMS 0x0000000710200000, 0x0000000710200000| Untracked 
| 197|0x0000000710300000, 0x0000000710300000, 0x0000000710400000|  0%| F|  |TAMS 0x0000000710300000, 0x0000000710300000| Untracked 
| 198|0x0000000710400000, 0x0000000710400000, 0x0000000710500000|  0%| F|  |TAMS 0x0000000710400000, 0x0000000710400000| Untracked 
| 199|0x0000000710500000, 0x0000000710500000, 0x0000000710600000|  0%| F|  |TAMS 0x0000000710500000, 0x0000000710500000| Untracked 
| 200|0x0000000710600000, 0x0000000710600000, 0x0000000710700000|  0%| F|  |TAMS 0x0000000710600000, 0x0000000710600000| Untracked 
| 201|0x0000000710700000, 0x0000000710700000, 0x0000000710800000|  0%| F|  |TAMS 0x0000000710700000, 0x0000000710700000| Untracked 
| 202|0x0000000710800000, 0x0000000710800000, 0x0000000710900000|  0%| F|  |TAMS 0x0000000710800000, 0x0000000710800000| Untracked 
| 203|0x0000000710900000, 0x0000000710900000, 0x0000000710a00000|  0%| F|  |TAMS 0x0000000710900000, 0x0000000710900000| Untracked 
| 204|0x0000000710a00000, 0x0000000710a00000, 0x0000000710b00000|  0%| F|  |TAMS 0x0000000710a00000, 0x0000000710a00000| Untracked 
| 205|0x0000000710b00000, 0x0000000710b00000, 0x0000000710c00000|  0%| F|  |TAMS 0x0000000710b00000, 0x0000000710b00000| Untracked 
| 206|0x0000000710c00000, 0x0000000710c00000, 0x0000000710d00000|  0%| F|  |TAMS 0x0000000710c00000, 0x0000000710c00000| Untracked 
| 207|0x0000000710d00000, 0x0000000710d00000, 0x0000000710e00000|  0%| F|  |TAMS 0x0000000710d00000, 0x0000000710d00000| Untracked 
| 208|0x0000000710e00000, 0x0000000710e00000, 0x0000000710f00000|  0%| F|  |TAMS 0x0000000710e00000, 0x0000000710e00000| Untracked 
| 209|0x0000000710f00000, 0x0000000710f00000, 0x0000000711000000|  0%| F|  |TAMS 0x0000000710f00000, 0x0000000710f00000| Untracked 
| 210|0x0000000711000000, 0x0000000711000000, 0x0000000711100000|  0%| F|  |TAMS 0x0000000711000000, 0x0000000711000000| Untracked 
| 211|0x0000000711100000, 0x0000000711100000, 0x0000000711200000|  0%| F|  |TAMS 0x0000000711100000, 0x0000000711100000| Untracked 
| 212|0x0000000711200000, 0x0000000711200000, 0x0000000711300000|  0%| F|  |TAMS 0x0000000711200000, 0x0000000711200000| Untracked 
| 213|0x0000000711300000, 0x0000000711300000, 0x0000000711400000|  0%| F|  |TAMS 0x0000000711300000, 0x0000000711300000| Untracked 
| 214|0x0000000711400000, 0x0000000711400000, 0x0000000711500000|  0%| F|  |TAMS 0x0000000711400000, 0x0000000711400000| Untracked 
| 215|0x0000000711500000, 0x0000000711500000, 0x0000000711600000|  0%| F|  |TAMS 0x0000000711500000, 0x0000000711500000| Untracked 
| 216|0x0000000711600000, 0x0000000711600000, 0x0000000711700000|  0%| F|  |TAMS 0x0000000711600000, 0x0000000711600000| Untracked 
| 217|0x0000000711700000, 0x0000000711700000, 0x0000000711800000|  0%| F|  |TAMS 0x0000000711700000, 0x0000000711700000| Untracked 
| 218|0x0000000711800000, 0x0000000711800000, 0x0000000711900000|  0%| F|  |TAMS 0x0000000711800000, 0x0000000711800000| Untracked 
| 219|0x0000000711900000, 0x0000000711900000, 0x0000000711a00000|  0%| F|  |TAMS 0x0000000711900000, 0x0000000711900000| Untracked 
| 220|0x0000000711a00000, 0x0000000711a00000, 0x0000000711b00000|  0%| F|  |TAMS 0x0000000711a00000, 0x0000000711a00000| Untracked 
| 221|0x0000000711b00000, 0x0000000711b00000, 0x0000000711c00000|  0%| F|  |TAMS 0x0000000711b00000, 0x0000000711b00000| Untracked 
| 222|0x0000000711c00000, 0x0000000711c00000, 0x0000000711d00000|  0%| F|  |TAMS 0x0000000711c00000, 0x0000000711c00000| Untracked 
| 223|0x0000000711d00000, 0x0000000711d00000, 0x0000000711e00000|  0%| F|  |TAMS 0x0000000711d00000, 0x0000000711d00000| Untracked 
| 224|0x0000000711e00000, 0x0000000711ed3930, 0x0000000711f00000| 82%| E|  |TAMS 0x0000000711e00000, 0x0000000711e00000| Complete 
| 225|0x0000000711f00000, 0x0000000712000000, 0x0000000712000000|100%| E|CS|TAMS 0x0000000711f00000, 0x0000000711f00000| Complete 
| 226|0x0000000712000000, 0x0000000712100000, 0x0000000712100000|100%| E|CS|TAMS 0x0000000712000000, 0x0000000712000000| Complete 
| 227|0x0000000712100000, 0x0000000712200000, 0x0000000712200000|100%| E|CS|TAMS 0x0000000712100000, 0x0000000712100000| Complete 
| 228|0x0000000712200000, 0x0000000712300000, 0x0000000712300000|100%| E|CS|TAMS 0x0000000712200000, 0x0000000712200000| Complete 
| 229|0x0000000712300000, 0x0000000712400000, 0x0000000712400000|100%| E|CS|TAMS 0x0000000712300000, 0x0000000712300000| Complete 
| 230|0x0000000712400000, 0x0000000712500000, 0x0000000712500000|100%| E|CS|TAMS 0x0000000712400000, 0x0000000712400000| Complete 
| 231|0x0000000712500000, 0x0000000712600000, 0x0000000712600000|100%| E|CS|TAMS 0x0000000712500000, 0x0000000712500000| Complete 
| 232|0x0000000712600000, 0x0000000712700000, 0x0000000712700000|100%| E|CS|TAMS 0x0000000712600000, 0x0000000712600000| Complete 
| 233|0x0000000712700000, 0x0000000712800000, 0x0000000712800000|100%| E|CS|TAMS 0x0000000712700000, 0x0000000712700000| Complete 
| 234|0x0000000712800000, 0x0000000712900000, 0x0000000712900000|100%| E|CS|TAMS 0x0000000712800000, 0x0000000712800000| Complete 
| 235|0x0000000712900000, 0x0000000712a00000, 0x0000000712a00000|100%| E|CS|TAMS 0x0000000712900000, 0x0000000712900000| Complete 
| 236|0x0000000712a00000, 0x0000000712b00000, 0x0000000712b00000|100%| E|CS|TAMS 0x0000000712a00000, 0x0000000712a00000| Complete 
| 237|0x0000000712b00000, 0x0000000712c00000, 0x0000000712c00000|100%| E|CS|TAMS 0x0000000712b00000, 0x0000000712b00000| Complete 
| 238|0x0000000712c00000, 0x0000000712d00000, 0x0000000712d00000|100%| E|CS|TAMS 0x0000000712c00000, 0x0000000712c00000| Complete 
| 239|0x0000000712d00000, 0x0000000712e00000, 0x0000000712e00000|100%| E|CS|TAMS 0x0000000712d00000, 0x0000000712d00000| Complete 
| 240|0x0000000712e00000, 0x0000000712f00000, 0x0000000712f00000|100%| E|CS|TAMS 0x0000000712e00000, 0x0000000712e00000| Complete 
| 241|0x0000000712f00000, 0x0000000713000000, 0x0000000713000000|100%| E|CS|TAMS 0x0000000712f00000, 0x0000000712f00000| Complete 
| 242|0x0000000713000000, 0x0000000713100000, 0x0000000713100000|100%| E|CS|TAMS 0x0000000713000000, 0x0000000713000000| Complete 
| 243|0x0000000713100000, 0x0000000713200000, 0x0000000713200000|100%| E|CS|TAMS 0x0000000713100000, 0x0000000713100000| Complete 
| 244|0x0000000713200000, 0x0000000713300000, 0x0000000713300000|100%| E|CS|TAMS 0x0000000713200000, 0x0000000713200000| Complete 
| 245|0x0000000713300000, 0x0000000713400000, 0x0000000713400000|100%| E|CS|TAMS 0x0000000713300000, 0x0000000713300000| Complete 
| 246|0x0000000713400000, 0x0000000713500000, 0x0000000713500000|100%| E|CS|TAMS 0x0000000713400000, 0x0000000713400000| Complete 
| 247|0x0000000713500000, 0x0000000713600000, 0x0000000713600000|100%| E|CS|TAMS 0x0000000713500000, 0x0000000713500000| Complete 
| 248|0x0000000713600000, 0x0000000713700000, 0x0000000713700000|100%| E|CS|TAMS 0x0000000713600000, 0x0000000713600000| Complete 
| 249|0x0000000713700000, 0x0000000713800000, 0x0000000713800000|100%| E|CS|TAMS 0x0000000713700000, 0x0000000713700000| Complete 
| 250|0x0000000713800000, 0x0000000713900000, 0x0000000713900000|100%| E|CS|TAMS 0x0000000713800000, 0x0000000713800000| Complete 
| 251|0x0000000713900000, 0x0000000713a00000, 0x0000000713a00000|100%| E|CS|TAMS 0x0000000713900000, 0x0000000713900000| Complete 
| 252|0x0000000713a00000, 0x0000000713b00000, 0x0000000713b00000|100%| E|CS|TAMS 0x0000000713a00000, 0x0000000713a00000| Complete 
| 253|0x0000000713b00000, 0x0000000713c00000, 0x0000000713c00000|100%| E|CS|TAMS 0x0000000713b00000, 0x0000000713b00000| Complete 
| 254|0x0000000713c00000, 0x0000000713d00000, 0x0000000713d00000|100%| E|CS|TAMS 0x0000000713c00000, 0x0000000713c00000| Complete 
| 255|0x0000000713d00000, 0x0000000713e00000, 0x0000000713e00000|100%| E|CS|TAMS 0x0000000713d00000, 0x0000000713d00000| Complete 
| 256|0x0000000713e00000, 0x0000000713f00000, 0x0000000713f00000|100%| E|CS|TAMS 0x0000000713e00000, 0x0000000713e00000| Complete 
| 257|0x0000000713f00000, 0x0000000714000000, 0x0000000714000000|100%| E|CS|TAMS 0x0000000713f00000, 0x0000000713f00000| Complete 
| 258|0x0000000714000000, 0x0000000714100000, 0x0000000714100000|100%| E|CS|TAMS 0x0000000714000000, 0x0000000714000000| Complete 
| 259|0x0000000714100000, 0x0000000714200000, 0x0000000714200000|100%| E|CS|TAMS 0x0000000714100000, 0x0000000714100000| Complete 
| 260|0x0000000714200000, 0x0000000714300000, 0x0000000714300000|100%| E|CS|TAMS 0x0000000714200000, 0x0000000714200000| Complete 
| 261|0x0000000714300000, 0x0000000714400000, 0x0000000714400000|100%| E|CS|TAMS 0x0000000714300000, 0x0000000714300000| Complete 
| 262|0x0000000714400000, 0x0000000714500000, 0x0000000714500000|100%| E|CS|TAMS 0x0000000714400000, 0x0000000714400000| Complete 
| 263|0x0000000714500000, 0x0000000714600000, 0x0000000714600000|100%| E|CS|TAMS 0x0000000714500000, 0x0000000714500000| Complete 
| 264|0x0000000714600000, 0x0000000714700000, 0x0000000714700000|100%| E|CS|TAMS 0x0000000714600000, 0x0000000714600000| Complete 
| 265|0x0000000714700000, 0x0000000714800000, 0x0000000714800000|100%| E|CS|TAMS 0x0000000714700000, 0x0000000714700000| Complete 
| 266|0x0000000714800000, 0x0000000714900000, 0x0000000714900000|100%| E|CS|TAMS 0x0000000714800000, 0x0000000714800000| Complete 
| 267|0x0000000714900000, 0x0000000714a00000, 0x0000000714a00000|100%| E|CS|TAMS 0x0000000714900000, 0x0000000714900000| Complete 
| 268|0x0000000714a00000, 0x0000000714b00000, 0x0000000714b00000|100%| E|CS|TAMS 0x0000000714a00000, 0x0000000714a00000| Complete 
| 269|0x0000000714b00000, 0x0000000714c00000, 0x0000000714c00000|100%| E|CS|TAMS 0x0000000714b00000, 0x0000000714b00000| Complete 
| 270|0x0000000714c00000, 0x0000000714d00000, 0x0000000714d00000|100%| E|CS|TAMS 0x0000000714c00000, 0x0000000714c00000| Complete 
| 271|0x0000000714d00000, 0x0000000714e00000, 0x0000000714e00000|100%| E|CS|TAMS 0x0000000714d00000, 0x0000000714d00000| Complete 
| 272|0x0000000714e00000, 0x0000000714f00000, 0x0000000714f00000|100%| E|CS|TAMS 0x0000000714e00000, 0x0000000714e00000| Complete 
| 273|0x0000000714f00000, 0x0000000715000000, 0x0000000715000000|100%| E|CS|TAMS 0x0000000714f00000, 0x0000000714f00000| Complete 
| 274|0x0000000715000000, 0x0000000715100000, 0x0000000715100000|100%| E|CS|TAMS 0x0000000715000000, 0x0000000715000000| Complete 
| 275|0x0000000715100000, 0x0000000715200000, 0x0000000715200000|100%| E|CS|TAMS 0x0000000715100000, 0x0000000715100000| Complete 
| 276|0x0000000715200000, 0x000000071529dd80, 0x0000000715300000| 61%| S|CS|TAMS 0x0000000715200000, 0x0000000715200000| Complete 
| 277|0x0000000715300000, 0x0000000715400000, 0x0000000715400000|100%| S|CS|TAMS 0x0000000715300000, 0x0000000715300000| Complete 
| 278|0x0000000715400000, 0x0000000715500000, 0x0000000715500000|100%| S|CS|TAMS 0x0000000715400000, 0x0000000715400000| Complete 
| 279|0x0000000715500000, 0x0000000715600000, 0x0000000715600000|100%| S|CS|TAMS 0x0000000715500000, 0x0000000715500000| Complete 
| 280|0x0000000715600000, 0x0000000715700000, 0x0000000715700000|100%| S|CS|TAMS 0x0000000715600000, 0x0000000715600000| Complete 
| 281|0x0000000715700000, 0x0000000715800000, 0x0000000715800000|100%| S|CS|TAMS 0x0000000715700000, 0x0000000715700000| Complete 
| 282|0x0000000715800000, 0x0000000715900000, 0x0000000715900000|100%| S|CS|TAMS 0x0000000715800000, 0x0000000715800000| Complete 
| 283|0x0000000715900000, 0x0000000715a00000, 0x0000000715a00000|100%| S|CS|TAMS 0x0000000715900000, 0x0000000715900000| Complete 
| 284|0x0000000715a00000, 0x0000000715b00000, 0x0000000715b00000|100%| S|CS|TAMS 0x0000000715a00000, 0x0000000715a00000| Complete 
| 285|0x0000000715b00000, 0x0000000715c00000, 0x0000000715c00000|100%| S|CS|TAMS 0x0000000715b00000, 0x0000000715b00000| Complete 
| 286|0x0000000715c00000, 0x0000000715d00000, 0x0000000715d00000|100%| S|CS|TAMS 0x0000000715c00000, 0x0000000715c00000| Complete 
| 287|0x0000000715d00000, 0x0000000715e00000, 0x0000000715e00000|100%| S|CS|TAMS 0x0000000715d00000, 0x0000000715d00000| Complete 
| 288|0x0000000715e00000, 0x0000000715f00000, 0x0000000715f00000|100%| S|CS|TAMS 0x0000000715e00000, 0x0000000715e00000| Complete 
| 289|0x0000000715f00000, 0x0000000716000000, 0x0000000716000000|100%| E|CS|TAMS 0x0000000715f00000, 0x0000000715f00000| Complete 
| 290|0x0000000716000000, 0x0000000716100000, 0x0000000716100000|100%| E|CS|TAMS 0x0000000716000000, 0x0000000716000000| Complete 
| 291|0x0000000716100000, 0x0000000716200000, 0x0000000716200000|100%| E|CS|TAMS 0x0000000716100000, 0x0000000716100000| Complete 
| 292|0x0000000716200000, 0x0000000716300000, 0x0000000716300000|100%| E|CS|TAMS 0x0000000716200000, 0x0000000716200000| Complete 
| 293|0x0000000716300000, 0x0000000716400000, 0x0000000716400000|100%| E|CS|TAMS 0x0000000716300000, 0x0000000716300000| Complete 
| 294|0x0000000716400000, 0x0000000716500000, 0x0000000716500000|100%| E|CS|TAMS 0x0000000716400000, 0x0000000716400000| Complete 
| 295|0x0000000716500000, 0x0000000716600000, 0x0000000716600000|100%| E|CS|TAMS 0x0000000716500000, 0x0000000716500000| Complete 
| 296|0x0000000716600000, 0x0000000716700000, 0x0000000716700000|100%| E|CS|TAMS 0x0000000716600000, 0x0000000716600000| Complete 
| 297|0x0000000716700000, 0x0000000716800000, 0x0000000716800000|100%| E|CS|TAMS 0x0000000716700000, 0x0000000716700000| Complete 
| 298|0x0000000716800000, 0x0000000716900000, 0x0000000716900000|100%| E|CS|TAMS 0x0000000716800000, 0x0000000716800000| Complete 
| 299|0x0000000716900000, 0x0000000716a00000, 0x0000000716a00000|100%| E|CS|TAMS 0x0000000716900000, 0x0000000716900000| Complete 
| 300|0x0000000716a00000, 0x0000000716b00000, 0x0000000716b00000|100%| E|CS|TAMS 0x0000000716a00000, 0x0000000716a00000| Complete 
| 301|0x0000000716b00000, 0x0000000716c00000, 0x0000000716c00000|100%| E|CS|TAMS 0x0000000716b00000, 0x0000000716b00000| Complete 
| 302|0x0000000716c00000, 0x0000000716d00000, 0x0000000716d00000|100%| E|CS|TAMS 0x0000000716c00000, 0x0000000716c00000| Complete 
| 303|0x0000000716d00000, 0x0000000716e00000, 0x0000000716e00000|100%| E|CS|TAMS 0x0000000716d00000, 0x0000000716d00000| Complete 
| 304|0x0000000716e00000, 0x0000000716f00000, 0x0000000716f00000|100%| E|CS|TAMS 0x0000000716e00000, 0x0000000716e00000| Complete 

Card table byte_map: [0x00000291d1480000,0x00000291d1c70000] _byte_map_base: 0x00000291cdc61000

Marking Bits (Prev, Next): (CMBitMap*) 0x00000291b8f49850, (CMBitMap*) 0x00000291b8f49818
 Prev Bits: [0x00000291d6370000, 0x00000291da278000)
 Next Bits: [0x00000291d2460000, 0x00000291d6368000)

Polling page: 0x00000291b8fd0000

Metaspace:

Usage:
  Non-class:     58.45 MB capacity,    57.39 MB ( 98%) used,   848.19 KB (  1%) free+waste,   231.25 KB ( <1%) overhead. 
      Class:      9.25 MB capacity,     8.52 MB ( 92%) used,   641.59 KB (  7%) free+waste,   112.00 KB (  1%) overhead. 
       Both:     67.70 MB capacity,    65.91 MB ( 97%) used,     1.45 MB (  2%) free+waste,   343.25 KB ( <1%) overhead. 

Virtual space:
  Non-class space:       60.00 MB reserved,      58.45 MB ( 97%) committed 
      Class space:        1.00 GB reserved,       9.25 MB ( <1%) committed 
             Both:        1.06 GB reserved,      67.70 MB (  6%) committed 

Chunk freelists:
   Non-Class:  128 bytes
       Class:  0 bytes
        Both:  128 bytes

CodeHeap 'non-profiled nmethods': size=120000Kb used=2806Kb max_used=2806Kb free=117193Kb
 bounds [0x00000291c8cf0000, 0x00000291c8fb0000, 0x00000291d0220000]
CodeHeap 'profiled nmethods': size=120000Kb used=10547Kb max_used=10547Kb free=109452Kb
 bounds [0x00000291c17c0000, 0x00000291c2220000, 0x00000291c8cf0000]
CodeHeap 'non-nmethods': size=5760Kb used=1265Kb max_used=1308Kb free=4494Kb
 bounds [0x00000291c1220000, 0x00000291c1490000, 0x00000291c17c0000]
 total_blobs=6319 nmethods=4366 adapters=553
 compilation: enabled
              stopped_count=0, restarted_count=0
 full_count=0

Compilation events (10 events):
Event: 16.363 Thread 0x00000291dce0a800 nmethod 4591 0x00000291c21fd890 code [0x00000291c21fda60, 0x00000291c21fdd78]
Event: 16.374 Thread 0x00000291dce0a800 4592       3       org.springframework.util.ReflectionUtils::makeAccessible (36 bytes)
Event: 16.376 Thread 0x00000291dce0a800 nmethod 4592 0x00000291c21fde90 code [0x00000291c21fe0e0, 0x00000291c21fea20]
Event: 16.376 Thread 0x00000291dce0a800 4593       3       java.util.HashMap::clear (50 bytes)
Event: 16.377 Thread 0x00000291dce0a800 nmethod 4593 0x00000291c21fed10 code [0x00000291c21feee0, 0x00000291c21ff338]
Event: 16.420 Thread 0x00000291dce0a800 4594       3       java.util.HashMap::forEach (112 bytes)
Event: 16.421 Thread 0x00000291dce0a800 nmethod 4594 0x00000291c21ff490 code [0x00000291c21ff6a0, 0x00000291c21ffd30]
Event: 16.436 Thread 0x00000291dce0a800 4595       3       java.util.regex.Pattern::atom (422 bytes)
Event: 16.442 Thread 0x00000291dce0a800 nmethod 4595 0x00000291c21fff90 code [0x00000291c2200420, 0x00000291c2202fe0]
Event: 16.442 Thread 0x00000291dce0a800 4596       3       java.util.regex.Pattern::sequence (645 bytes)

GC Heap History (10 events):
Event: 2.718 GC heap before
{Heap before GC invocations=2 (full 0):
 garbage-first heap   total 260096K, used 51781K [0x0000000703e00000, 0x0000000800000000)
  region size 1024K, 44 young (45056K), 1 survivors (1024K)
 Metaspace       used 20474K, capacity 21144K, committed 21296K, reserved 1069056K
  class space    used 2307K, capacity 2562K, committed 2608K, reserved 1048576K
}
Event: 2.724 GC heap after
{Heap after GC invocations=3 (full 0):
 garbage-first heap   total 260096K, used 10212K [0x0000000703e00000, 0x0000000800000000)
  region size 1024K, 3 young (3072K), 3 survivors (3072K)
 Metaspace       used 20474K, capacity 21144K, committed 21296K, reserved 1069056K
  class space    used 2307K, capacity 2562K, committed 2608K, reserved 1048576K
}
Event: 4.035 GC heap before
{Heap before GC invocations=4 (full 0):
 garbage-first heap   total 260096K, used 74724K [0x0000000703e00000, 0x0000000800000000)
  region size 1024K, 67 young (68608K), 3 survivors (3072K)
 Metaspace       used 27844K, capacity 28796K, committed 28976K, reserved 1075200K
  class space    used 3377K, capacity 3750K, committed 3888K, reserved 1048576K
}
Event: 4.045 GC heap after
{Heap after GC invocations=5 (full 0):
 garbage-first heap   total 260096K, used 12804K [0x0000000703e00000, 0x0000000800000000)
  region size 1024K, 5 young (5120K), 5 survivors (5120K)
 Metaspace       used 27844K, capacity 28796K, committed 28976K, reserved 1075200K
  class space    used 3377K, capacity 3750K, committed 3888K, reserved 1048576K
}
Event: 5.391 GC heap before
{Heap before GC invocations=5 (full 0):
 garbage-first heap   total 260096K, used 114180K [0x0000000703e00000, 0x0000000800000000)
  region size 1024K, 106 young (108544K), 5 survivors (5120K)
 Metaspace       used 34547K, capacity 35652K, committed 35708K, reserved 1081344K
  class space    used 4098K, capacity 4498K, committed 4528K, reserved 1048576K
}
Event: 5.409 GC heap after
{Heap after GC invocations=6 (full 0):
 garbage-first heap   total 260096K, used 14347K [0x0000000703e00000, 0x0000000800000000)
  region size 1024K, 7 young (7168K), 7 survivors (7168K)
 Metaspace       used 34547K, capacity 35652K, committed 35708K, reserved 1081344K
  class space    used 4098K, capacity 4498K, committed 4528K, reserved 1048576K
}
Event: 13.220 GC heap before
{Heap before GC invocations=7 (full 0):
 garbage-first heap   total 260096K, used 148491K [0x0000000703e00000, 0x0000000800000000)
  region size 1024K, 138 young (141312K), 7 survivors (7168K)
 Metaspace       used 55506K, capacity 56952K, committed 57084K, reserved 1099776K
  class space    used 7050K, capacity 7630K, committed 7728K, reserved 1048576K
}
Event: 13.239 GC heap after
{Heap after GC invocations=8 (full 0):
 garbage-first heap   total 312320K, used 21611K [0x0000000703e00000, 0x0000000800000000)
  region size 1024K, 14 young (14336K), 14 survivors (14336K)
 Metaspace       used 55506K, capacity 56952K, committed 57084K, reserved 1099776K
  class space    used 7050K, capacity 7630K, committed 7728K, reserved 1048576K
}
Event: 13.817 GC heap before
{Heap before GC invocations=8 (full 0):
 garbage-first heap   total 312320K, used 36971K [0x0000000703e00000, 0x0000000800000000)
  region size 1024K, 30 young (30720K), 14 survivors (14336K)
 Metaspace       used 58179K, capacity 59589K, committed 59728K, reserved 1101824K
  class space    used 7389K, capacity 7976K, committed 8068K, reserved 1048576K
}
Event: 13.854 GC heap after
{Heap after GC invocations=9 (full 0):
 garbage-first heap   total 312320K, used 22878K [0x0000000703e00000, 0x0000000800000000)
  region size 1024K, 13 young (13312K), 13 survivors (13312K)
 Metaspace       used 58179K, capacity 59589K, committed 59728K, reserved 1101824K
  class space    used 7389K, capacity 7976K, committed 8068K, reserved 1048576K
}

Deoptimization events (10 events):
Event: 15.692 Thread 0x00000291b8ee6000 Uncommon trap: reason=class_check action=maybe_recompile pc=0x00000291c8ec3d2c method=org.springframework.beans.factory.support.AbstractBeanFactory.isTypeMatch(Ljava/lang/String;Lorg/springframework/core/ResolvableType;Z)Z @ 53 c2
Event: 15.728 Thread 0x00000291b8ee6000 Uncommon trap: reason=unstable_if action=reinterpret pc=0x00000291c8ed0684 method=java.util.ArrayDeque.addLast(Ljava/lang/Object;)V @ 42 c2
Event: 15.804 Thread 0x00000291b8ee6000 Uncommon trap: reason=unstable_if action=reinterpret pc=0x00000291c8eb9e50 method=java.util.concurrent.ConcurrentHashMap.putVal(Ljava/lang/Object;Ljava/lang/Object;Z)Ljava/lang/Object; @ 401 c2
Event: 15.807 Thread 0x00000291b8ee6000 Uncommon trap: reason=class_check action=maybe_recompile pc=0x00000291c8e13ba4 method=java.util.concurrent.ConcurrentHashMap.get(Ljava/lang/Object;)Ljava/lang/Object; @ 93 c2
Event: 16.026 Thread 0x00000291b8ee6000 Uncommon trap: reason=speculate_null_assert action=make_not_entrant pc=0x00000291c8e96a60 method=org.springframework.util.ConcurrentReferenceHashMap$Segment.restructureIfNecessary(Z)V @ 41 c2
Event: 16.437 Thread 0x00000291b8ee6000 Uncommon trap: reason=class_check action=maybe_recompile pc=0x00000291c8f2d370 method=java.util.regex.Matcher.search(I)Z @ 121 c2
Event: 16.440 Thread 0x00000291b8ee6000 Uncommon trap: reason=class_check action=maybe_recompile pc=0x00000291c8f2d370 method=java.util.regex.Matcher.search(I)Z @ 121 c2
Event: 16.440 Thread 0x00000291b8ee6000 Uncommon trap: reason=class_check action=maybe_recompile pc=0x00000291c8f2d370 method=java.util.regex.Matcher.search(I)Z @ 121 c2
Event: 16.441 Thread 0x00000291b8ee6000 Uncommon trap: reason=class_check action=maybe_recompile pc=0x00000291c8f2d370 method=java.util.regex.Matcher.search(I)Z @ 121 c2
Event: 16.441 Thread 0x00000291b8ee6000 Uncommon trap: reason=unstable_if action=reinterpret pc=0x00000291c8f2b580 method=java.util.regex.Pattern$Branch.match(Ljava/util/regex/Matcher;ILjava/lang/CharSequence;)Z @ 35 c2

Classes redefined (0 events):
No events

Internal exceptions (10 events):
Event: 15.824 Thread 0x00000291b8ee6000 Exception <a 'java/lang/ClassNotFoundException'{0x0000000713185ae8}: org/springframework/beans/factory/BeanClassLoaderAwareCustomizer> (0x0000000713185ae8) thrown at [t:/workspace/open/src/hotspot/share/classfile/systemDictionary.cpp, line 231]
Event: 15.825 Thread 0x00000291b8ee6000 Exception <a 'java/lang/ClassNotFoundException'{0x00000007131998f0}: org/springframework/beans/factory/AwareCustomizer> (0x00000007131998f0) thrown at [t:/workspace/open/src/hotspot/share/classfile/systemDictionary.cpp, line 231]
Event: 15.826 Thread 0x00000291b8ee6000 Exception <a 'java/lang/ClassNotFoundException'{0x00000007131aed78}: org/springframework/beans/factory/BeanFactoryAwareCustomizer> (0x00000007131aed78) thrown at [t:/workspace/open/src/hotspot/share/classfile/systemDictionary.cpp, line 231]
Event: 15.827 Thread 0x00000291b8ee6000 Exception <a 'java/lang/ClassNotFoundException'{0x00000007131c3080}: org/springframework/beans/factory/AwareCustomizer> (0x00000007131c3080) thrown at [t:/workspace/open/src/hotspot/share/classfile/systemDictionary.cpp, line 231]
Event: 15.827 Thread 0x00000291b8ee6000 Exception <a 'java/lang/ClassNotFoundException'{0x00000007131d8508}: org/springframework/beans/factory/InitializingBeanCustomizer> (0x00000007131d8508) thrown at [t:/workspace/open/src/hotspot/share/classfile/systemDictionary.cpp, line 231]
Event: 15.830 Thread 0x00000291b8ee6000 Exception <a 'java/lang/ClassNotFoundException'{0x00000007131eda30}: org/springframework/beans/factory/DisposableBeanCustomizer> (0x00000007131eda30) thrown at [t:/workspace/open/src/hotspot/share/classfile/systemDictionary.cpp, line 231]
Event: 16.054 Thread 0x00000291b8ee6000 Exception <a 'java/lang/ClassNotFoundException'{0x0000000712ab45c0}: java/lang/ObjectCustomizer> (0x0000000712ab45c0) thrown at [t:/workspace/open/src/hotspot/share/classfile/systemDictionary.cpp, line 231]
Event: 16.055 Thread 0x00000291b8ee6000 Exception <a 'java/lang/ClassNotFoundException'{0x0000000712acbe28}: com/EmployeeServices/Services/Employee/EmployeeCustomizer> (0x0000000712acbe28) thrown at [t:/workspace/open/src/hotspot/share/classfile/systemDictionary.cpp, line 231]
Event: 16.144 Thread 0x00000291b8ee6000 Exception <a 'java/lang/IncompatibleClassChangeError'{0x00000007127baed0}: Found class java.lang.Object, but interface was expected> (0x00000007127baed0) thrown at [t:/workspace/open/src/hotspot/share/interpreter/linkResolver.cpp, line 856]
Event: 16.420 Thread 0x00000291b8ee6000 Exception <a 'java/lang/reflect/InvocationTargetException'{0x0000000711f3f528}> (0x0000000711f3f528) thrown at [t:/workspace/open/src/hotspot/share/runtime/reflection.cpp, line 1242]

Events (10 events):
Event: 16.441 Thread 0x00000291b8ee6000 DEOPT UNPACKING pc=0x00000291c12491af sp=0x000000fb470fa810 mode 2
Event: 16.441 Thread 0x00000291b8ee6000 Uncommon trap: trap_request=0xffffffde fr.pc=0x00000291c8f2d370 relative=0x0000000000000290
Event: 16.441 Thread 0x00000291b8ee6000 DEOPT PACKING pc=0x00000291c8f2d370 sp=0x000000fb470fa880
Event: 16.441 Thread 0x00000291b8ee6000 DEOPT UNPACKING pc=0x00000291c12491af sp=0x000000fb470fa810 mode 2
Event: 16.441 Thread 0x00000291b8ee6000 Uncommon trap: trap_request=0xffffff4d fr.pc=0x00000291c8f2b580 relative=0x0000000000000140
Event: 16.441 Thread 0x00000291b8ee6000 DEOPT PACKING pc=0x00000291c8f2b580 sp=0x000000fb470fa5d0
Event: 16.441 Thread 0x00000291b8ee6000 DEOPT UNPACKING pc=0x00000291c12491af sp=0x000000fb470fa568 mode 2
Event: 16.441 loading class org/springframework/data/repository/query/parser/PartTree$Predicate
Event: 16.441 loading class org/springframework/data/repository/query/parser/PartTree$Predicate done
Event: 16.443 loading class java/lang/Character$UnicodeBlock


Dynamic libraries:
0x00007ff7721c0000 - 0x00007ff772205000 	C:\.Net & Java Software\Open JKD -11\bin\java.exe
0x00007fff525a0000 - 0x00007fff527a9000 	C:\WINDOWS\SYSTEM32\ntdll.dll
0x00007fff52010000 - 0x00007fff520cd000 	C:\WINDOWS\System32\KERNEL32.DLL
0x00007fff4fa80000 - 0x00007fff4fdfd000 	C:\WINDOWS\System32\KERNELBASE.dll
0x00007fff50630000 - 0x00007fff507dd000 	C:\WINDOWS\System32\USER32.dll
0x00007fff502d0000 - 0x00007fff502f6000 	C:\WINDOWS\System32\win32u.dll
0x00007fff51830000 - 0x00007fff51859000 	C:\WINDOWS\System32\GDI32.dll
0x00007fff50010000 - 0x00007fff50128000 	C:\WINDOWS\System32\gdi32full.dll
0x00007fff4fe00000 - 0x00007fff4fe9d000 	C:\WINDOWS\System32\msvcp_win.dll
0x00007fff501b0000 - 0x00007fff502c1000 	C:\WINDOWS\System32\ucrtbase.dll
0x00007fff2e400000 - 0x00007fff2e6a5000 	C:\WINDOWS\WinSxS\amd64_microsoft.windows.common-controls_6595b64144ccf1df_6.0.22000.120_none_9d947278b86cc467\COMCTL32.dll
0x00007fff524b0000 - 0x00007fff52553000 	C:\WINDOWS\System32\msvcrt.dll
0x00007fff504b0000 - 0x00007fff504e1000 	C:\WINDOWS\System32\IMM32.DLL
0x00007fff2cbb0000 - 0x00007fff2cbc6000 	C:\.Net & Java Software\Open JKD -11\bin\vcruntime140.dll
0x00007fff1f8c0000 - 0x00007fff1f96a000 	C:\.Net & Java Software\Open JKD -11\bin\msvcp140.dll
0x00007ffeb4680000 - 0x00007ffeb51c1000 	C:\.Net & Java Software\Open JKD -11\bin\server\jvm.dll
0x00007fff52310000 - 0x00007fff523be000 	C:\WINDOWS\System32\ADVAPI32.dll
0x00007fff507e0000 - 0x00007fff5087e000 	C:\WINDOWS\System32\sechost.dll
0x00007fff50880000 - 0x00007fff509a0000 	C:\WINDOWS\System32\RPCRT4.dll
0x00007fff52140000 - 0x00007fff52148000 	C:\WINDOWS\System32\PSAPI.DLL
0x00007fff2d5d0000 - 0x00007fff2d5d9000 	C:\WINDOWS\SYSTEM32\WSOCK32.dll
0x00007fff46610000 - 0x00007fff46643000 	C:\WINDOWS\SYSTEM32\WINMM.dll
0x00007fff520d0000 - 0x00007fff5213f000 	C:\WINDOWS\System32\WS2_32.dll
0x00007fff45a70000 - 0x00007fff45a7a000 	C:\WINDOWS\SYSTEM32\VERSION.dll
0x00007fff4ea70000 - 0x00007fff4ea88000 	C:\WINDOWS\SYSTEM32\kernel.appcore.dll
0x00007fff2c2b0000 - 0x00007fff2c2c1000 	C:\.Net & Java Software\Open JKD -11\bin\verify.dll
0x00007fff4a240000 - 0x00007fff4a461000 	C:\WINDOWS\SYSTEM32\DBGHELP.DLL
0x00007fff384a0000 - 0x00007fff384d1000 	C:\WINDOWS\SYSTEM32\dbgcore.DLL
0x00007fff50130000 - 0x00007fff501af000 	C:\WINDOWS\System32\bcryptPrimitives.dll
0x00007fff28700000 - 0x00007fff28728000 	C:\.Net & Java Software\Open JKD -11\bin\java.dll
0x00007fff2c0f0000 - 0x00007fff2c106000 	C:\.Net & Java Software\Open JKD -11\bin\zip.dll
0x00007fff3b830000 - 0x00007fff3b83a000 	C:\.Net & Java Software\Open JKD -11\bin\jimage.dll
0x00007fff509b0000 - 0x00007fff51168000 	C:\WINDOWS\System32\SHELL32.dll
0x00007fff4db20000 - 0x00007fff4e388000 	C:\WINDOWS\SYSTEM32\windows.storage.dll
0x00007fff51a20000 - 0x00007fff51d99000 	C:\WINDOWS\System32\combase.dll
0x00007fff4d970000 - 0x00007fff4dad6000 	C:\WINDOWS\SYSTEM32\wintypes.dll
0x00007fff523c0000 - 0x00007fff524aa000 	C:\WINDOWS\System32\SHCORE.dll
0x00007fff52240000 - 0x00007fff5229d000 	C:\WINDOWS\System32\shlwapi.dll
0x00007fff4f9b0000 - 0x00007fff4f9d1000 	C:\WINDOWS\SYSTEM32\profapi.dll
0x00007fff286e0000 - 0x00007fff286f9000 	C:\.Net & Java Software\Open JKD -11\bin\net.dll
0x00007fff4ea90000 - 0x00007fff4eb9c000 	C:\WINDOWS\SYSTEM32\WINHTTP.dll
0x00007fff4efb0000 - 0x00007fff4f017000 	C:\WINDOWS\system32\mswsock.dll
0x00007fff286c0000 - 0x00007fff286d3000 	C:\.Net & Java Software\Open JKD -11\bin\nio.dll
0x00007fff499a0000 - 0x00007fff499a9000 	C:\.Net & Java Software\Open JKD -11\bin\management.dll
0x00007fff48220000 - 0x00007fff4822c000 	C:\.Net & Java Software\Open JKD -11\bin\management_ext.dll
0x00007fff29f10000 - 0x00007fff29f27000 	C:\WINDOWS\system32\napinsp.dll
0x00007fff29d20000 - 0x00007fff29d3b000 	C:\WINDOWS\system32\pnrpnsp.dll
0x00007fff4e5c0000 - 0x00007fff4e6a8000 	C:\WINDOWS\SYSTEM32\DNSAPI.dll
0x00007fff4e590000 - 0x00007fff4e5bd000 	C:\WINDOWS\SYSTEM32\IPHLPAPI.DLL
0x00007fff51f70000 - 0x00007fff51f79000 	C:\WINDOWS\System32\NSI.dll
0x00007fff29d00000 - 0x00007fff29d12000 	C:\WINDOWS\System32\winrnr.dll
0x00007fff29ce0000 - 0x00007fff29cf5000 	C:\WINDOWS\system32\wshbth.dll
0x00007fff29cc0000 - 0x00007fff29cdf000 	C:\WINDOWS\system32\nlansp_c.dll
0x00007fff41490000 - 0x00007fff4149a000 	C:\Windows\System32\rasadhlp.dll
0x00007fff46aa0000 - 0x00007fff46b21000 	C:\WINDOWS\System32\fwpuclnt.dll
0x00007fff4f1f0000 - 0x00007fff4f208000 	C:\WINDOWS\SYSTEM32\CRYPTSP.dll
0x00007fff4e9d0000 - 0x00007fff4ea05000 	C:\WINDOWS\system32\rsaenh.dll
0x00007fff4f0a0000 - 0x00007fff4f0c9000 	C:\WINDOWS\SYSTEM32\USERENV.dll
0x00007fff4f370000 - 0x00007fff4f397000 	C:\WINDOWS\SYSTEM32\bcrypt.dll
0x00007fff4f210000 - 0x00007fff4f21c000 	C:\WINDOWS\SYSTEM32\CRYPTBASE.dll
0x00007fff465f0000 - 0x00007fff46609000 	C:\WINDOWS\SYSTEM32\dhcpcsvc6.DLL
0x00007fff46a40000 - 0x00007fff46a5e000 	C:\WINDOWS\SYSTEM32\dhcpcsvc.DLL
0x00007fff3d690000 - 0x00007fff3d69d000 	C:\.Net & Java Software\Open JKD -11\bin\sunmscapi.dll
0x00007fff4fea0000 - 0x00007fff50002000 	C:\WINDOWS\System32\CRYPT32.dll
0x00007fff4f340000 - 0x00007fff4f368000 	C:\WINDOWS\SYSTEM32\ncrypt.dll
0x00007fff4f300000 - 0x00007fff4f337000 	C:\WINDOWS\SYSTEM32\NTASN1.dll
0x00007fff2cc70000 - 0x00007fff2cc97000 	C:\.Net & Java Software\Open JKD -11\bin\sunec.dll

dbghelp: loaded successfully - version: 4.0.5 - missing functions: none
symbol engine: initialized successfully - sym options: 0x614 - pdb path: .;C:\.Net & Java Software\Open JKD -11\bin;C:\WINDOWS\SYSTEM32;C:\WINDOWS\WinSxS\amd64_microsoft.windows.common-controls_6595b64144ccf1df_6.0.22000.120_none_9d947278b86cc467;C:\.Net & Java Software\Open JKD -11\bin\server

VM Arguments:
java_command: C:\Users\SAURAV~1\AppData\Local\Temp\surefire9184376105373962696\surefirebooter6938382443079927241.jar C:\Users\sauravgupta01\AppData\Local\Temp\surefire9184376105373962696 2022-09-13T18-05-46_894-jvmRun1 surefire12116326171468820475tmp surefire_08877180521929305625tmp
java_class_path (initial): C:\Users\SAURAV~1\AppData\Local\Temp\surefire9184376105373962696\surefirebooter6938382443079927241.jar
Launcher Type: SUN_STANDARD

[Global flags]
     intx CICompilerCount                          = 4                                         {product} {ergonomic}
     uint ConcGCThreads                            = 2                                         {product} {ergonomic}
     uint G1ConcRefinementThreads                  = 8                                         {product} {ergonomic}
   size_t G1HeapRegionSize                         = 1048576                                   {product} {ergonomic}
    uintx GCDrainStackTargetSize                   = 64                                        {product} {ergonomic}
   size_t InitialHeapSize                          = 266338304                                 {product} {ergonomic}
   size_t MarkStackSize                            = 4194304                                   {product} {ergonomic}
   size_t MaxHeapSize                              = 4229955584                                {product} {ergonomic}
   size_t MaxNewSize                               = 2537553920                                {product} {ergonomic}
   size_t MinHeapDeltaBytes                        = 1048576                                   {product} {ergonomic}
    uintx NonNMethodCodeHeapSize                   = 5835340                                {pd product} {ergonomic}
    uintx NonProfiledCodeHeapSize                  = 122911450                              {pd product} {ergonomic}
    uintx ProfiledCodeHeapSize                     = 122911450                              {pd product} {ergonomic}
    uintx ReservedCodeCacheSize                    = 251658240                              {pd product} {ergonomic}
     bool SegmentedCodeCache                       = true                                      {product} {ergonomic}
     bool UseCompressedClassPointers               = true                                 {lp64_product} {ergonomic}
     bool UseCompressedOops                        = true                                 {lp64_product} {ergonomic}
     bool UseG1GC                                  = true                                      {product} {ergonomic}
     bool UseLargePagesIndividualAllocation        = false                                  {pd product} {ergonomic}

Logging:
Log output configuration:
 #0: stdout all=warning uptime,level,tags
 #1: stderr all=off uptime,level,tags

Environment Variables:
JAVA_HOME=C:\.Net & Java Software\Open JKD -11
PATH=C:/.Net & Java Software/Open JKD -11/bin/server;C:/.Net & Java Software/Open JKD -11/bin;C:\Program Files (x86)\Common Files\Oracle\Java\javapath;C:\Program Files\Microsoft MPI\Bin\;C:\WINDOWS\system32;C:\WINDOWS;C:\WINDOWS\System32\Wbem;C:\WINDOWS\System32\WindowsPowerShell\v1.0\;C:\WINDOWS\System32\OpenSSH\;C:\Program Files\TortoiseSVN\bin;C:\.Net & Java Software\Open JKD -11\bin;C:\Program Files\Microsoft SQL Server\130\Tools\Binn\;C:\Program Files\Microsoft SQL Server\Client SDK\ODBC\170\Tools\Binn\;C:\Program Files\nodejs\;C:\Program Files (x86)\Microsoft SQL Server\150\DTS\Binn\;C:\Program Files\Azure Data Studio\bin;C:\Program Files (x86)\Microsoft SQL Server\140\Tools\Binn\;C:\Program Files\Microsoft SQL Server\140\Tools\Binn\;C:\Program Files (x86)\Microsoft SQL Server\140\DTS\Binn\;C:\Program Files\Microsoft SQL Server\140\DTS\Binn\;C:\Program Files\Microsoft SQL Server\Client SDK\ODBC\130\Tools\Binn\;C:\Program Files\dotnet\;C:\Program Files (x86)\dotnet\;C:\Program Files\Go\bin;C:\Program Files\Redis\;C:\Program Files\Git\cmd;C:\Program Files\Amazon\AWSCLIV2\;C:\Users\sauravgupta01\AppData\Local\Microsoft\WindowsApps;C:\Users\sauravgupta01\AppData\Roaming\npm;C:\Program Files\Azure Data Studio\bin;C:\Users\sauravgupta01\AppData\Local\Programs\Microsoft VS Code\bin;C:\ProgramData\sauravgupta01\GitHubDesktop\bin;C:\.Net & Java Software\apache-maven-3.6.3-bin\apache-maven-3.6.3\bin;C:\Users\sauravgupta01\go\bin;;C:\WINDOWS\System32;
USERNAME=sauravgupta01
OS=Windows_NT
PROCESSOR_IDENTIFIER=Intel64 Family 6 Model 142 Stepping 12, GenuineIntel



---------------  S Y S T E M  ---------------

OS: Windows 10 , 64 bit Build 22000 (10.0.22000.708)

CPU:total 8 (initial active 8) (4 cores per cpu, 2 threads per core) family 6 model 142 stepping 12, cmov, cx8, fxsr, mmx, sse, sse2, sse3, ssse3, sse4.1, sse4.2, popcnt, avx, avx2, aes, clmul, erms, 3dnowpref, lzcnt, ht, tsc, tscinvbit, bmi1, bmi2, adx, fma

Memory: 4k page, system-wide physical 16134M (2352M free)
TotalPageFile size 24965M (AvailPageFile size 11M)
current process WorkingSet (physical memory assigned to process): 421M, peak: 424M
current process commit charge ("private bytes"): 558M, peak: 560M

vm_info: OpenJDK 64-Bit Server VM (11.0.1+13) for windows-amd64 JRE (11.0.1+13), built on Oct  6 2018 13:18:13 by "mach5one" with MS VC++ 15.5 (VS2017)

END.
